<?xml version="1.0" encoding="UTF-8"?>
<!-- Generated by org.testng.reporters.JUnitReportReporter -->
<testsuite hostname="SHOBHA-PC" failures="0" tests="1" name="ParametersAndAuthantication.BasicAuth" time="3.135" errors="0" timestamp="2021-10-30T12:47:34 IST" skipped="0">
  <testcase classname="ParametersAndAuthantication.BasicAuth" name="basicAuth" time="3.135"/>
  <system-out/>
</testsuite> <!-- ParametersAndAuthantication.BasicAuth -->
