<?xml version="1.0" encoding="UTF-8"?>
<!-- Generated by org.testng.reporters.JUnitReportReporter -->
<testsuite hostname="SHOBHA-PC" failures="0" tests="1" name="com.crudOpreationWithoutBDD.GetAllTheResources" time="3.035" errors="0" timestamp="2021-10-27T18:31:32 IST" skipped="0">
  <testcase classname="com.crudOpreationWithoutBDD.GetAllTheResources" name="getAllData" time="3.035"/>
  <system-out/>
</testsuite> <!-- com.crudOpreationWithoutBDD.GetAllTheResources -->
