<?xml version="1.0" encoding="UTF-8"?>
<!-- Generated by org.testng.reporters.JUnitReportReporter -->
<testsuite hostname="SHOBHA-PC" failures="0" tests="1" name="CrudOpreationWithBDD.GetAllProject" time="2.607" errors="0" timestamp="2021-10-29T12:59:17 IST" skipped="0">
  <testcase classname="CrudOpreationWithBDD.GetAllProject" name="GetAllProjects" time="2.607"/>
  <system-out/>
</testsuite> <!-- CrudOpreationWithBDD.GetAllProject -->
