<?xml version="1.0" encoding="UTF-8"?>
<!-- Generated by org.testng.reporters.JUnitReportReporter -->
<testsuite hostname="SHOBHA-PC" failures="0" tests="1" name="com.crudOpreationWithoutBDD.CreateProjectUsingJSONFile" time="3.401" errors="0" timestamp="2021-10-28T12:08:44 IST" skipped="0">
  <testcase classname="com.crudOpreationWithoutBDD.CreateProjectUsingJSONFile" name="CreateProjectUsingJSONFil" time="3.401"/>
  <system-out/>
</testsuite> <!-- com.crudOpreationWithoutBDD.CreateProjectUsingJSONFile -->
