<?xml version="1.0" encoding="UTF-8"?>
<!-- Generated by org.testng.reporters.JUnitReportReporter -->
<testsuite hostname="SHOBHA-PC" failures="0" tests="1" name="ComplexResponceValidation.DynamicResponse" time="3.396" errors="0" timestamp="2021-10-29T12:22:38 IST" skipped="0">
  <testcase classname="ComplexResponceValidation.DynamicResponse" name="dynamicResponse" time="3.396"/>
  <system-out/>
</testsuite> <!-- ComplexResponceValidation.DynamicResponse -->
