<?xml version="1.0" encoding="UTF-8"?>
<!-- Generated by org.testng.reporters.JUnitReportReporter -->
<testsuite hostname="SHOBHA-PC" failures="0" tests="1" name="ComplexResponceValidation.StaticResponce" time="3.622" errors="0" timestamp="2021-10-29T11:33:05 IST" skipped="0">
  <testcase classname="ComplexResponceValidation.StaticResponce" name="staticResponce" time="3.622"/>
  <system-out/>
</testsuite> <!-- ComplexResponceValidation.StaticResponce -->
