<?xml version="1.0" encoding="UTF-8"?>
<!-- Generated by org.testng.reporters.JUnitReportReporter -->
<testsuite hostname="SHOBHA-PC" failures="0" tests="1" name="com.crudOpreationWithoutBDD.GetAllProjects" time="2.564" errors="0" timestamp="2021-10-27T18:58:49 IST" skipped="0">
  <testcase classname="com.crudOpreationWithoutBDD.GetAllProjects" name="GetAllProjects" time="2.564"/>
  <system-out/>
</testsuite> <!-- com.crudOpreationWithoutBDD.GetAllProjects -->
