<?xml version="1.0" encoding="UTF-8"?>
<!-- Generated by org.testng.reporters.JUnitReportReporter -->
<testsuite hostname="SHOBHA-PC" failures="0" tests="1" name="ParametersAndAuthantication.PathParameter" time="2.655" errors="0" timestamp="2021-10-29T13:00:06 IST" skipped="0">
  <testcase classname="ParametersAndAuthantication.PathParameter" name="pathParameter" time="2.655"/>
  <system-out/>
</testsuite> <!-- ParametersAndAuthantication.PathParameter -->
