<?xml version="1.0" encoding="UTF-8"?>
<!-- Generated by org.testng.reporters.JUnitReportReporter -->
<testsuite hostname="SHOBHA-PC" failures="0" tests="1" name="Assignment.RMG_API_Project_08" time="3.145" errors="0" timestamp="2021-10-28T17:14:58 IST" skipped="0">
  <testcase classname="Assignment.RMG_API_Project_08" name="createtheprojectwithkeyValuePairform" time="3.145"/>
  <system-out/>
</testsuite> <!-- Assignment.RMG_API_Project_08 -->
