<?xml version="1.0" encoding="UTF-8"?>
<!-- Generated by org.testng.reporters.JUnitReportReporter -->
<testsuite hostname="SHOBHA-PC" failures="0" tests="1" name="Assignment.RMG_API_Project_11" time="3.011" errors="0" timestamp="2021-10-28T17:28:24 IST" skipped="0">
  <testcase classname="Assignment.RMG_API_Project_11" name="CreatetheprojectWithStatusCompleted" time="3.011"/>
  <system-out/>
</testsuite> <!-- Assignment.RMG_API_Project_11 -->
