<?xml version="1.0" encoding="UTF-8"?>
<!-- Generated by org.testng.reporters.JUnitReportReporter -->
<testsuite hostname="SHOBHA-PC" failures="0" tests="1" name="CrudOpreationWithoutBDD.CreateProject" time="3.436" errors="0" timestamp="2021-10-27T18:42:37 IST" skipped="0">
  <testcase classname="CrudOpreationWithoutBDD.CreateProject" name="createProjectUsingBDD" time="3.436"/>
  <system-out/>
</testsuite> <!-- CrudOpreationWithoutBDD.CreateProject -->
