<?xml version="1.0" encoding="UTF-8"?>
<!-- Generated by org.testng.reporters.JUnitReportReporter -->
<testsuite hostname="SHOBHA-PC" failures="0" tests="1" name="CrudOpreationWithoutBDD.GetAllProject" time="2.574" errors="0" timestamp="2021-10-27T18:39:57 IST" skipped="0">
  <testcase classname="CrudOpreationWithoutBDD.GetAllProject" name="GetAllProjects" time="2.574"/>
  <system-out/>
</testsuite> <!-- CrudOpreationWithoutBDD.GetAllProject -->
