<?xml version="1.0" encoding="UTF-8"?>
<!-- Generated by org.testng.reporters.JUnitReportReporter -->
<testsuite hostname="SHOBHA-PC" failures="0" tests="1" name="CrudOpreationWithBDD.CreateProjectUsingPOJO" time="3.470" errors="0" timestamp="2021-10-29T11:05:47 IST" skipped="0">
  <testcase classname="CrudOpreationWithBDD.CreateProjectUsingPOJO" name="CreateProjectUsingPOJO" time="3.470"/>
  <system-out/>
</testsuite> <!-- CrudOpreationWithBDD.CreateProjectUsingPOJO -->
