<?xml version="1.0" encoding="UTF-8"?>
<!-- Generated by org.testng.reporters.JUnitReportReporter -->
<testsuite hostname="SHOBHA-PC" failures="0" tests="1" name="com.crudOpreationWithoutBDD.UpdateProject" time="3.179" errors="0" timestamp="2021-10-27T18:56:22 IST" skipped="0">
  <testcase classname="com.crudOpreationWithoutBDD.UpdateProject" name="UpdateProject" time="3.179"/>
  <system-out/>
</testsuite> <!-- com.crudOpreationWithoutBDD.UpdateProject -->
