<?xml version="1.0" encoding="UTF-8"?>
<!-- Generated by org.testng.reporters.JUnitReportReporter -->
<testsuite hostname="SHOBHA-PC" failures="0" tests="1" name="ParametersAndAuthantication.Oauth2Authentication" time="5.870" errors="0" timestamp="2021-10-30T14:25:21 IST" skipped="0">
  <testcase classname="ParametersAndAuthantication.Oauth2Authentication" name="oauth" time="5.870"/>
  <system-out/>
</testsuite> <!-- ParametersAndAuthantication.Oauth2Authentication -->
