<?xml version="1.0" encoding="UTF-8"?>
<!-- Generated by org.testng.reporters.JUnitReportReporter -->
<testsuite hostname="SHOBHA-PC" failures="0" tests="1" name="Assignment.RMG_API_Project_10" time="2.926" errors="0" timestamp="2021-10-28T17:25:54 IST" skipped="0">
  <testcase classname="Assignment.RMG_API_Project_10" name="CreatetheprojectWithStatusOngoing" time="2.926"/>
  <system-out/>
</testsuite> <!-- Assignment.RMG_API_Project_10 -->
