<?xml version="1.0" encoding="UTF-8"?>
<!-- Generated by org.testng.reporters.JUnitReportReporter -->
<testsuite hostname="SHOBHA-PC" failures="0" tests="1" name="com.crm.RmgProject.SampleProjectTest1" time="1.887" errors="0" timestamp="27 Oct 2021 10:39:27 GMT" skipped="0">
  <testcase classname="com.crm.RmgProject.SampleProjectTest1" name="getAllProject" time="1.887"/>
</testsuite> <!-- com.crm.RmgProject.SampleProjectTest1 -->
