<?xml version="1.0" encoding="UTF-8"?>
<!-- Generated by org.testng.reporters.JUnitReportReporter -->
<testsuite hostname="SHOBHA-PC" failures="0" tests="1" name="EndToEndRMGY.CreateProjectAndVerifyInDatabase" time="2.771" errors="0" timestamp="2021-10-30T19:08:00 IST" skipped="0">
  <testcase classname="EndToEndRMGY.CreateProjectAndVerifyInDatabase" name="createprojectAndVarifyIndatabase" time="2.771"/>
  <system-out/>
</testsuite> <!-- EndToEndRMGY.CreateProjectAndVerifyInDatabase -->
