<?xml version="1.0" encoding="UTF-8"?>
<!-- Generated by org.testng.reporters.JUnitReportReporter -->
<testsuite hostname="SHOBHA-PC" failures="0" tests="1" name="com.crudOpreationWithoutBDD.DeleteProject" time="2.543" errors="0" timestamp="2021-10-27T19:06:31 IST" skipped="0">
  <testcase classname="com.crudOpreationWithoutBDD.DeleteProject" name="deleteProject" time="2.543"/>
  <system-out/>
</testsuite> <!-- com.crudOpreationWithoutBDD.DeleteProject -->
